<?xml version="1.0" encoding="UTF-8"?>
<testsuite xmlns:xsi="http://www.w3.org/2001/XMLSchema-instance" xsi:noNamespaceSchemaLocation="https://maven.apache.org/surefire/maven-surefire-plugin/xsd/surefire-test-report.xsd" name="cardRPG.ServerCardRpgApplicationTests" time="0.294" tests="1" errors="1" skipped="0" failures="0">
  <properties>
    <property name="java.specification.version" value="16"/>
    <property name="sun.jnu.encoding" value="UTF-8"/>
    <property name="java.class.path" value="/home/gsy/Documents/workspace-spring-tool-suite-4-4.12.0.RELEASE/serverCardRPG/target/test-classes:/home/gsy/Documents/workspace-spring-tool-suite-4-4.12.0.RELEASE/serverCardRPG/target/classes:/home/gsy/.m2/repository/org/springframework/boot/spring-boot-starter-data-neo4j/2.5.6/spring-boot-starter-data-neo4j-2.5.6.jar:/home/gsy/.m2/repository/org/springframework/boot/spring-boot-starter/2.5.6/spring-boot-starter-2.5.6.jar:/home/gsy/.m2/repository/org/springframework/boot/spring-boot-starter-logging/2.5.6/spring-boot-starter-logging-2.5.6.jar:/home/gsy/.m2/repository/ch/qos/logback/logback-classic/1.2.6/logback-classic-1.2.6.jar:/home/gsy/.m2/repository/ch/qos/logback/logback-core/1.2.6/logback-core-1.2.6.jar:/home/gsy/.m2/repository/org/apache/logging/log4j/log4j-to-slf4j/2.14.1/log4j-to-slf4j-2.14.1.jar:/home/gsy/.m2/repository/org/apache/logging/log4j/log4j-api/2.14.1/log4j-api-2.14.1.jar:/home/gsy/.m2/repository/org/slf4j/jul-to-slf4j/1.7.32/jul-to-slf4j-1.7.32.jar:/home/gsy/.m2/repository/jakarta/annotation/jakarta.annotation-api/1.3.5/jakarta.annotation-api-1.3.5.jar:/home/gsy/.m2/repository/org/yaml/snakeyaml/1.28/snakeyaml-1.28.jar:/home/gsy/.m2/repository/org/springframework/data/spring-data-neo4j/6.1.6/spring-data-neo4j-6.1.6.jar:/home/gsy/.m2/repository/org/apiguardian/apiguardian-api/1.1.1/apiguardian-api-1.1.1.jar:/home/gsy/.m2/repository/org/neo4j/neo4j-cypher-dsl/2021.2.4/neo4j-cypher-dsl-2021.2.4.jar:/home/gsy/.m2/repository/org/neo4j/driver/neo4j-java-driver/4.2.7/neo4j-java-driver-4.2.7.jar:/home/gsy/.m2/repository/org/springframework/spring-beans/5.3.12/spring-beans-5.3.12.jar:/home/gsy/.m2/repository/org/springframework/spring-context/5.3.12/spring-context-5.3.12.jar:/home/gsy/.m2/repository/org/springframework/spring-tx/5.3.12/spring-tx-5.3.12.jar:/home/gsy/.m2/repository/org/springframework/data/spring-data-commons/2.5.6/spring-data-commons-2.5.6.jar:/home/gsy/.m2/repository/org/slf4j/slf4j-api/1.7.32/slf4j-api-1.7.32.jar:/home/gsy/.m2/repository/org/springframework/boot/spring-boot-starter-web/2.5.6/spring-boot-starter-web-2.5.6.jar:/home/gsy/.m2/repository/org/springframework/boot/spring-boot-starter-json/2.5.6/spring-boot-starter-json-2.5.6.jar:/home/gsy/.m2/repository/com/fasterxml/jackson/core/jackson-databind/2.12.5/jackson-databind-2.12.5.jar:/home/gsy/.m2/repository/com/fasterxml/jackson/core/jackson-annotations/2.12.5/jackson-annotations-2.12.5.jar:/home/gsy/.m2/repository/com/fasterxml/jackson/core/jackson-core/2.12.5/jackson-core-2.12.5.jar:/home/gsy/.m2/repository/com/fasterxml/jackson/datatype/jackson-datatype-jdk8/2.12.5/jackson-datatype-jdk8-2.12.5.jar:/home/gsy/.m2/repository/com/fasterxml/jackson/datatype/jackson-datatype-jsr310/2.12.5/jackson-datatype-jsr310-2.12.5.jar:/home/gsy/.m2/repository/com/fasterxml/jackson/module/jackson-module-parameter-names/2.12.5/jackson-module-parameter-names-2.12.5.jar:/home/gsy/.m2/repository/org/springframework/boot/spring-boot-starter-tomcat/2.5.6/spring-boot-starter-tomcat-2.5.6.jar:/home/gsy/.m2/repository/org/apache/tomcat/embed/tomcat-embed-core/9.0.54/tomcat-embed-core-9.0.54.jar:/home/gsy/.m2/repository/org/apache/tomcat/embed/tomcat-embed-el/9.0.54/tomcat-embed-el-9.0.54.jar:/home/gsy/.m2/repository/org/apache/tomcat/embed/tomcat-embed-websocket/9.0.54/tomcat-embed-websocket-9.0.54.jar:/home/gsy/.m2/repository/org/springframework/spring-web/5.3.12/spring-web-5.3.12.jar:/home/gsy/.m2/repository/org/springframework/spring-webmvc/5.3.12/spring-webmvc-5.3.12.jar:/home/gsy/.m2/repository/org/springframework/spring-aop/5.3.12/spring-aop-5.3.12.jar:/home/gsy/.m2/repository/org/springframework/spring-expression/5.3.12/spring-expression-5.3.12.jar:/home/gsy/.m2/repository/org/springframework/boot/spring-boot-starter-web-services/2.5.6/spring-boot-starter-web-services-2.5.6.jar:/home/gsy/.m2/repository/com/sun/xml/messaging/saaj/saaj-impl/1.5.3/saaj-impl-1.5.3.jar:/home/gsy/.m2/repository/jakarta/xml/soap/jakarta.xml.soap-api/1.4.2/jakarta.xml.soap-api-1.4.2.jar:/home/gsy/.m2/repository/org/jvnet/staxex/stax-ex/1.8.3/stax-ex-1.8.3.jar:/home/gsy/.m2/repository/com/sun/activation/jakarta.activation/1.2.2/jakarta.activation-1.2.2.jar:/home/gsy/.m2/repository/jakarta/xml/ws/jakarta.xml.ws-api/2.3.3/jakarta.xml.ws-api-2.3.3.jar:/home/gsy/.m2/repository/jakarta/jws/jakarta.jws-api/2.1.0/jakarta.jws-api-2.1.0.jar:/home/gsy/.m2/repository/org/springframework/spring-oxm/5.3.12/spring-oxm-5.3.12.jar:/home/gsy/.m2/repository/org/springframework/ws/spring-ws-core/3.1.1/spring-ws-core-3.1.1.jar:/home/gsy/.m2/repository/org/springframework/ws/spring-xml/3.1.1/spring-xml-3.1.1.jar:/home/gsy/.m2/repository/org/springframework/boot/spring-boot-starter-webflux/2.5.6/spring-boot-starter-webflux-2.5.6.jar:/home/gsy/.m2/repository/org/springframework/boot/spring-boot-starter-reactor-netty/2.5.6/spring-boot-starter-reactor-netty-2.5.6.jar:/home/gsy/.m2/repository/io/projectreactor/netty/reactor-netty-http/1.0.12/reactor-netty-http-1.0.12.jar:/home/gsy/.m2/repository/io/netty/netty-codec-http/4.1.69.Final/netty-codec-http-4.1.69.Final.jar:/home/gsy/.m2/repository/io/netty/netty-common/4.1.69.Final/netty-common-4.1.69.Final.jar:/home/gsy/.m2/repository/io/netty/netty-buffer/4.1.69.Final/netty-buffer-4.1.69.Final.jar:/home/gsy/.m2/repository/io/netty/netty-transport/4.1.69.Final/netty-transport-4.1.69.Final.jar:/home/gsy/.m2/repository/io/netty/netty-codec/4.1.69.Final/netty-codec-4.1.69.Final.jar:/home/gsy/.m2/repository/io/netty/netty-handler/4.1.69.Final/netty-handler-4.1.69.Final.jar:/home/gsy/.m2/repository/io/netty/netty-codec-http2/4.1.69.Final/netty-codec-http2-4.1.69.Final.jar:/home/gsy/.m2/repository/io/netty/netty-resolver-dns/4.1.69.Final/netty-resolver-dns-4.1.69.Final.jar:/home/gsy/.m2/repository/io/netty/netty-resolver/4.1.69.Final/netty-resolver-4.1.69.Final.jar:/home/gsy/.m2/repository/io/netty/netty-codec-dns/4.1.69.Final/netty-codec-dns-4.1.69.Final.jar:/home/gsy/.m2/repository/io/netty/netty-resolver-dns-native-macos/4.1.69.Final/netty-resolver-dns-native-macos-4.1.69.Final-osx-x86_64.jar:/home/gsy/.m2/repository/io/netty/netty-transport-native-unix-common/4.1.69.Final/netty-transport-native-unix-common-4.1.69.Final.jar:/home/gsy/.m2/repository/io/netty/netty-transport-native-epoll/4.1.69.Final/netty-transport-native-epoll-4.1.69.Final-linux-x86_64.jar:/home/gsy/.m2/repository/io/projectreactor/netty/reactor-netty-core/1.0.12/reactor-netty-core-1.0.12.jar:/home/gsy/.m2/repository/io/netty/netty-handler-proxy/4.1.69.Final/netty-handler-proxy-4.1.69.Final.jar:/home/gsy/.m2/repository/io/netty/netty-codec-socks/4.1.69.Final/netty-codec-socks-4.1.69.Final.jar:/home/gsy/.m2/repository/org/springframework/spring-webflux/5.3.12/spring-webflux-5.3.12.jar:/home/gsy/.m2/repository/org/springframework/cloud/spring-cloud-starter-netflix-eureka-server/3.0.4/spring-cloud-starter-netflix-eureka-server-3.0.4.jar:/home/gsy/.m2/repository/org/springframework/cloud/spring-cloud-starter/3.0.4/spring-cloud-starter-3.0.4.jar:/home/gsy/.m2/repository/org/springframework/cloud/spring-cloud-context/3.0.4/spring-cloud-context-3.0.4.jar:/home/gsy/.m2/repository/org/springframework/security/spring-security-crypto/5.5.3/spring-security-crypto-5.5.3.jar:/home/gsy/.m2/repository/org/springframework/cloud/spring-cloud-commons/3.0.4/spring-cloud-commons-3.0.4.jar:/home/gsy/.m2/repository/org/springframework/security/spring-security-rsa/1.0.10.RELEASE/spring-security-rsa-1.0.10.RELEASE.jar:/home/gsy/.m2/repository/org/bouncycastle/bcpkix-jdk15on/1.68/bcpkix-jdk15on-1.68.jar:/home/gsy/.m2/repository/org/bouncycastle/bcprov-jdk15on/1.68/bcprov-jdk15on-1.68.jar:/home/gsy/.m2/repository/org/springframework/cloud/spring-cloud-netflix-eureka-server/3.0.4/spring-cloud-netflix-eureka-server-3.0.4.jar:/home/gsy/.m2/repository/org/springframework/boot/spring-boot-starter-actuator/2.5.6/spring-boot-starter-actuator-2.5.6.jar:/home/gsy/.m2/repository/org/springframework/boot/spring-boot-actuator-autoconfigure/2.5.6/spring-boot-actuator-autoconfigure-2.5.6.jar:/home/gsy/.m2/repository/org/springframework/boot/spring-boot-actuator/2.5.6/spring-boot-actuator-2.5.6.jar:/home/gsy/.m2/repository/io/micrometer/micrometer-core/1.7.5/micrometer-core-1.7.5.jar:/home/gsy/.m2/repository/org/hdrhistogram/HdrHistogram/2.1.12/HdrHistogram-2.1.12.jar:/home/gsy/.m2/repository/org/latencyutils/LatencyUtils/2.0.3/LatencyUtils-2.0.3.jar:/home/gsy/.m2/repository/org/springframework/boot/spring-boot-starter-freemarker/2.5.6/spring-boot-starter-freemarker-2.5.6.jar:/home/gsy/.m2/repository/org/freemarker/freemarker/2.3.31/freemarker-2.3.31.jar:/home/gsy/.m2/repository/org/springframework/spring-context-support/5.3.12/spring-context-support-5.3.12.jar:/home/gsy/.m2/repository/org/springframework/cloud/spring-cloud-netflix-eureka-client/3.0.4/spring-cloud-netflix-eureka-client-3.0.4.jar:/home/gsy/.m2/repository/com/netflix/eureka/eureka-client/1.10.16/eureka-client-1.10.16.jar:/home/gsy/.m2/repository/com/netflix/netflix-commons/netflix-eventbus/0.3.0/netflix-eventbus-0.3.0.jar:/home/gsy/.m2/repository/com/netflix/netflix-commons/netflix-infix/0.3.0/netflix-infix-0.3.0.jar:/home/gsy/.m2/repository/commons-jxpath/commons-jxpath/1.3/commons-jxpath-1.3.jar:/home/gsy/.m2/repository/joda-time/joda-time/2.3/joda-time-2.3.jar:/home/gsy/.m2/repository/org/antlr/antlr-runtime/3.4/antlr-runtime-3.4.jar:/home/gsy/.m2/repository/org/antlr/stringtemplate/3.2.1/stringtemplate-3.2.1.jar:/home/gsy/.m2/repository/antlr/antlr/2.7.7/antlr-2.7.7.jar:/home/gsy/.m2/repository/com/google/code/gson/gson/2.8.8/gson-2.8.8.jar:/home/gsy/.m2/repository/org/apache/commons/commons-math/2.2/commons-math-2.2.jar:/home/gsy/.m2/repository/com/thoughtworks/xstream/xstream/1.4.18/xstream-1.4.18.jar:/home/gsy/.m2/repository/io/github/x-stream/mxparser/1.2.2/mxparser-1.2.2.jar:/home/gsy/.m2/repository/xmlpull/xmlpull/1.1.3.1/xmlpull-1.1.3.1.jar:/home/gsy/.m2/repository/javax/ws/rs/jsr311-api/1.1.1/jsr311-api-1.1.1.jar:/home/gsy/.m2/repository/com/netflix/servo/servo-core/0.12.21/servo-core-0.12.21.jar:/home/gsy/.m2/repository/com/google/guava/guava/19.0/guava-19.0.jar:/home/gsy/.m2/repository/com/sun/jersey/jersey-core/1.19.1/jersey-core-1.19.1.jar:/home/gsy/.m2/repository/com/sun/jersey/contribs/jersey-apache-client4/1.19.1/jersey-apache-client4-1.19.1.jar:/home/gsy/.m2/repository/org/apache/httpcomponents/httpclient/4.5.13/httpclient-4.5.13.jar:/home/gsy/.m2/repository/org/apache/httpcomponents/httpcore/4.4.14/httpcore-4.4.14.jar:/home/gsy/.m2/repository/commons-codec/commons-codec/1.15/commons-codec-1.15.jar:/home/gsy/.m2/repository/commons-configuration/commons-configuration/1.10/commons-configuration-1.10.jar:/home/gsy/.m2/repository/commons-lang/commons-lang/2.6/commons-lang-2.6.jar:/home/gsy/.m2/repository/com/google/inject/guice/4.1.0/guice-4.1.0.jar:/home/gsy/.m2/repository/aopalliance/aopalliance/1.0/aopalliance-1.0.jar:/home/gsy/.m2/repository/org/codehaus/jettison/jettison/1.4.0/jettison-1.4.0.jar:/home/gsy/.m2/repository/com/sun/jersey/jersey-servlet/1.19.4/jersey-servlet-1.19.4.jar:/home/gsy/.m2/repository/com/sun/jersey/jersey-server/1.19.4/jersey-server-1.19.4.jar:/home/gsy/.m2/repository/com/sun/jersey/jersey-client/1.19.4/jersey-client-1.19.4.jar:/home/gsy/.m2/repository/com/netflix/eureka/eureka-core/1.10.16/eureka-core-1.10.16.jar:/home/gsy/.m2/repository/com/fasterxml/woodstox/woodstox-core/6.2.1/woodstox-core-6.2.1.jar:/home/gsy/.m2/repository/javax/inject/javax.inject/1/javax.inject-1.jar:/home/gsy/.m2/repository/com/fasterxml/jackson/dataformat/jackson-dataformat-xml/2.12.5/jackson-dataformat-xml-2.12.5.jar:/home/gsy/.m2/repository/com/fasterxml/jackson/module/jackson-module-jaxb-annotations/2.12.5/jackson-module-jaxb-annotations-2.12.5.jar:/home/gsy/.m2/repository/org/codehaus/woodstox/stax2-api/4.2.1/stax2-api-4.2.1.jar:/home/gsy/.m2/repository/org/springframework/cloud/spring-cloud-starter-loadbalancer/3.0.4/spring-cloud-starter-loadbalancer-3.0.4.jar:/home/gsy/.m2/repository/org/springframework/cloud/spring-cloud-loadbalancer/3.0.4/spring-cloud-loadbalancer-3.0.4.jar:/home/gsy/.m2/repository/io/projectreactor/addons/reactor-extra/3.4.5/reactor-extra-3.4.5.jar:/home/gsy/.m2/repository/org/springframework/boot/spring-boot-starter-cache/2.5.6/spring-boot-starter-cache-2.5.6.jar:/home/gsy/.m2/repository/com/stoyanr/evictor/1.0.0/evictor-1.0.0.jar:/home/gsy/.m2/repository/org/glassfish/jaxb/jaxb-runtime/2.3.5/jaxb-runtime-2.3.5.jar:/home/gsy/.m2/repository/org/glassfish/jaxb/txw2/2.3.5/txw2-2.3.5.jar:/home/gsy/.m2/repository/com/sun/istack/istack-commons-runtime/3.0.12/istack-commons-runtime-3.0.12.jar:/home/gsy/.m2/repository/org/springframework/boot/spring-boot-devtools/2.5.6/spring-boot-devtools-2.5.6.jar:/home/gsy/.m2/repository/org/springframework/boot/spring-boot/2.5.6/spring-boot-2.5.6.jar:/home/gsy/.m2/repository/org/springframework/boot/spring-boot-autoconfigure/2.5.6/spring-boot-autoconfigure-2.5.6.jar:/home/gsy/.m2/repository/org/springframework/boot/spring-boot-starter-test/2.5.6/spring-boot-starter-test-2.5.6.jar:/home/gsy/.m2/repository/org/springframework/boot/spring-boot-test/2.5.6/spring-boot-test-2.5.6.jar:/home/gsy/.m2/repository/org/springframework/boot/spring-boot-test-autoconfigure/2.5.6/spring-boot-test-autoconfigure-2.5.6.jar:/home/gsy/.m2/repository/com/jayway/jsonpath/json-path/2.5.0/json-path-2.5.0.jar:/home/gsy/.m2/repository/net/minidev/json-smart/2.4.7/json-smart-2.4.7.jar:/home/gsy/.m2/repository/net/minidev/accessors-smart/2.4.7/accessors-smart-2.4.7.jar:/home/gsy/.m2/repository/org/ow2/asm/asm/9.1/asm-9.1.jar:/home/gsy/.m2/repository/jakarta/xml/bind/jakarta.xml.bind-api/2.3.3/jakarta.xml.bind-api-2.3.3.jar:/home/gsy/.m2/repository/jakarta/activation/jakarta.activation-api/1.2.2/jakarta.activation-api-1.2.2.jar:/home/gsy/.m2/repository/org/assertj/assertj-core/3.19.0/assertj-core-3.19.0.jar:/home/gsy/.m2/repository/org/hamcrest/hamcrest/2.2/hamcrest-2.2.jar:/home/gsy/.m2/repository/org/junit/jupiter/junit-jupiter/5.7.2/junit-jupiter-5.7.2.jar:/home/gsy/.m2/repository/org/junit/jupiter/junit-jupiter-api/5.7.2/junit-jupiter-api-5.7.2.jar:/home/gsy/.m2/repository/org/opentest4j/opentest4j/1.2.0/opentest4j-1.2.0.jar:/home/gsy/.m2/repository/org/junit/platform/junit-platform-commons/1.7.2/junit-platform-commons-1.7.2.jar:/home/gsy/.m2/repository/org/junit/jupiter/junit-jupiter-params/5.7.2/junit-jupiter-params-5.7.2.jar:/home/gsy/.m2/repository/org/junit/jupiter/junit-jupiter-engine/5.7.2/junit-jupiter-engine-5.7.2.jar:/home/gsy/.m2/repository/org/junit/platform/junit-platform-engine/1.7.2/junit-platform-engine-1.7.2.jar:/home/gsy/.m2/repository/org/mockito/mockito-core/3.9.0/mockito-core-3.9.0.jar:/home/gsy/.m2/repository/net/bytebuddy/byte-buddy/1.10.22/byte-buddy-1.10.22.jar:/home/gsy/.m2/repository/net/bytebuddy/byte-buddy-agent/1.10.22/byte-buddy-agent-1.10.22.jar:/home/gsy/.m2/repository/org/objenesis/objenesis/3.2/objenesis-3.2.jar:/home/gsy/.m2/repository/org/mockito/mockito-junit-jupiter/3.9.0/mockito-junit-jupiter-3.9.0.jar:/home/gsy/.m2/repository/org/skyscreamer/jsonassert/1.5.0/jsonassert-1.5.0.jar:/home/gsy/.m2/repository/com/vaadin/external/google/android-json/0.0.20131108.vaadin1/android-json-0.0.20131108.vaadin1.jar:/home/gsy/.m2/repository/org/springframework/spring-core/5.3.12/spring-core-5.3.12.jar:/home/gsy/.m2/repository/org/springframework/spring-jcl/5.3.12/spring-jcl-5.3.12.jar:/home/gsy/.m2/repository/org/springframework/spring-test/5.3.12/spring-test-5.3.12.jar:/home/gsy/.m2/repository/org/xmlunit/xmlunit-core/2.8.3/xmlunit-core-2.8.3.jar:/home/gsy/.m2/repository/io/projectreactor/reactor-test/3.4.11/reactor-test-3.4.11.jar:/home/gsy/.m2/repository/io/projectreactor/reactor-core/3.4.11/reactor-core-3.4.11.jar:/home/gsy/.m2/repository/org/reactivestreams/reactive-streams/1.0.3/reactive-streams-1.0.3.jar:/home/gsy/.m2/repository/io/swagger/swagger-annotations/1.5.0/swagger-annotations-1.5.0.jar:"/>
    <property name="java.vm.vendor" value="Oracle Corporation"/>
    <property name="sun.arch.data.model" value="64"/>
    <property name="java.vendor.url" value="https://java.oracle.com/"/>
    <property name="os.name" value="Linux"/>
    <property name="java.vm.specification.version" value="16"/>
    <property name="sun.java.launcher" value="SUN_STANDARD"/>
    <property name="user.country" value="FR"/>
    <property name="sun.boot.library.path" value="/home/gsy/Bureau/sts-4.12.0.RELEASE/plugins/org.eclipse.justj.openjdk.hotspot.jre.full.linux.x86_64_16.0.2.v20210721-1149/jre/lib"/>
    <property name="sun.java.command" value="/home/gsy/Documents/workspace-spring-tool-suite-4-4.12.0.RELEASE/serverCardRPG/target/surefire/surefirebooter4312005700108951643.jar /home/gsy/Documents/workspace-spring-tool-suite-4-4.12.0.RELEASE/serverCardRPG/target/surefire 2021-10-25T10-00-09_933-jvmRun1 surefire15122115523587639464tmp surefire_03380649460029960237tmp"/>
    <property name="jdk.debug" value="release"/>
    <property name="surefire.test.class.path" value="/home/gsy/Documents/workspace-spring-tool-suite-4-4.12.0.RELEASE/serverCardRPG/target/test-classes:/home/gsy/Documents/workspace-spring-tool-suite-4-4.12.0.RELEASE/serverCardRPG/target/classes:/home/gsy/.m2/repository/org/springframework/boot/spring-boot-starter-data-neo4j/2.5.6/spring-boot-starter-data-neo4j-2.5.6.jar:/home/gsy/.m2/repository/org/springframework/boot/spring-boot-starter/2.5.6/spring-boot-starter-2.5.6.jar:/home/gsy/.m2/repository/org/springframework/boot/spring-boot-starter-logging/2.5.6/spring-boot-starter-logging-2.5.6.jar:/home/gsy/.m2/repository/ch/qos/logback/logback-classic/1.2.6/logback-classic-1.2.6.jar:/home/gsy/.m2/repository/ch/qos/logback/logback-core/1.2.6/logback-core-1.2.6.jar:/home/gsy/.m2/repository/org/apache/logging/log4j/log4j-to-slf4j/2.14.1/log4j-to-slf4j-2.14.1.jar:/home/gsy/.m2/repository/org/apache/logging/log4j/log4j-api/2.14.1/log4j-api-2.14.1.jar:/home/gsy/.m2/repository/org/slf4j/jul-to-slf4j/1.7.32/jul-to-slf4j-1.7.32.jar:/home/gsy/.m2/repository/jakarta/annotation/jakarta.annotation-api/1.3.5/jakarta.annotation-api-1.3.5.jar:/home/gsy/.m2/repository/org/yaml/snakeyaml/1.28/snakeyaml-1.28.jar:/home/gsy/.m2/repository/org/springframework/data/spring-data-neo4j/6.1.6/spring-data-neo4j-6.1.6.jar:/home/gsy/.m2/repository/org/apiguardian/apiguardian-api/1.1.1/apiguardian-api-1.1.1.jar:/home/gsy/.m2/repository/org/neo4j/neo4j-cypher-dsl/2021.2.4/neo4j-cypher-dsl-2021.2.4.jar:/home/gsy/.m2/repository/org/neo4j/driver/neo4j-java-driver/4.2.7/neo4j-java-driver-4.2.7.jar:/home/gsy/.m2/repository/org/springframework/spring-beans/5.3.12/spring-beans-5.3.12.jar:/home/gsy/.m2/repository/org/springframework/spring-context/5.3.12/spring-context-5.3.12.jar:/home/gsy/.m2/repository/org/springframework/spring-tx/5.3.12/spring-tx-5.3.12.jar:/home/gsy/.m2/repository/org/springframework/data/spring-data-commons/2.5.6/spring-data-commons-2.5.6.jar:/home/gsy/.m2/repository/org/slf4j/slf4j-api/1.7.32/slf4j-api-1.7.32.jar:/home/gsy/.m2/repository/org/springframework/boot/spring-boot-starter-web/2.5.6/spring-boot-starter-web-2.5.6.jar:/home/gsy/.m2/repository/org/springframework/boot/spring-boot-starter-json/2.5.6/spring-boot-starter-json-2.5.6.jar:/home/gsy/.m2/repository/com/fasterxml/jackson/core/jackson-databind/2.12.5/jackson-databind-2.12.5.jar:/home/gsy/.m2/repository/com/fasterxml/jackson/core/jackson-annotations/2.12.5/jackson-annotations-2.12.5.jar:/home/gsy/.m2/repository/com/fasterxml/jackson/core/jackson-core/2.12.5/jackson-core-2.12.5.jar:/home/gsy/.m2/repository/com/fasterxml/jackson/datatype/jackson-datatype-jdk8/2.12.5/jackson-datatype-jdk8-2.12.5.jar:/home/gsy/.m2/repository/com/fasterxml/jackson/datatype/jackson-datatype-jsr310/2.12.5/jackson-datatype-jsr310-2.12.5.jar:/home/gsy/.m2/repository/com/fasterxml/jackson/module/jackson-module-parameter-names/2.12.5/jackson-module-parameter-names-2.12.5.jar:/home/gsy/.m2/repository/org/springframework/boot/spring-boot-starter-tomcat/2.5.6/spring-boot-starter-tomcat-2.5.6.jar:/home/gsy/.m2/repository/org/apache/tomcat/embed/tomcat-embed-core/9.0.54/tomcat-embed-core-9.0.54.jar:/home/gsy/.m2/repository/org/apache/tomcat/embed/tomcat-embed-el/9.0.54/tomcat-embed-el-9.0.54.jar:/home/gsy/.m2/repository/org/apache/tomcat/embed/tomcat-embed-websocket/9.0.54/tomcat-embed-websocket-9.0.54.jar:/home/gsy/.m2/repository/org/springframework/spring-web/5.3.12/spring-web-5.3.12.jar:/home/gsy/.m2/repository/org/springframework/spring-webmvc/5.3.12/spring-webmvc-5.3.12.jar:/home/gsy/.m2/repository/org/springframework/spring-aop/5.3.12/spring-aop-5.3.12.jar:/home/gsy/.m2/repository/org/springframework/spring-expression/5.3.12/spring-expression-5.3.12.jar:/home/gsy/.m2/repository/org/springframework/boot/spring-boot-starter-web-services/2.5.6/spring-boot-starter-web-services-2.5.6.jar:/home/gsy/.m2/repository/com/sun/xml/messaging/saaj/saaj-impl/1.5.3/saaj-impl-1.5.3.jar:/home/gsy/.m2/repository/jakarta/xml/soap/jakarta.xml.soap-api/1.4.2/jakarta.xml.soap-api-1.4.2.jar:/home/gsy/.m2/repository/org/jvnet/staxex/stax-ex/1.8.3/stax-ex-1.8.3.jar:/home/gsy/.m2/repository/com/sun/activation/jakarta.activation/1.2.2/jakarta.activation-1.2.2.jar:/home/gsy/.m2/repository/jakarta/xml/ws/jakarta.xml.ws-api/2.3.3/jakarta.xml.ws-api-2.3.3.jar:/home/gsy/.m2/repository/jakarta/jws/jakarta.jws-api/2.1.0/jakarta.jws-api-2.1.0.jar:/home/gsy/.m2/repository/org/springframework/spring-oxm/5.3.12/spring-oxm-5.3.12.jar:/home/gsy/.m2/repository/org/springframework/ws/spring-ws-core/3.1.1/spring-ws-core-3.1.1.jar:/home/gsy/.m2/repository/org/springframework/ws/spring-xml/3.1.1/spring-xml-3.1.1.jar:/home/gsy/.m2/repository/org/springframework/boot/spring-boot-starter-webflux/2.5.6/spring-boot-starter-webflux-2.5.6.jar:/home/gsy/.m2/repository/org/springframework/boot/spring-boot-starter-reactor-netty/2.5.6/spring-boot-starter-reactor-netty-2.5.6.jar:/home/gsy/.m2/repository/io/projectreactor/netty/reactor-netty-http/1.0.12/reactor-netty-http-1.0.12.jar:/home/gsy/.m2/repository/io/netty/netty-codec-http/4.1.69.Final/netty-codec-http-4.1.69.Final.jar:/home/gsy/.m2/repository/io/netty/netty-common/4.1.69.Final/netty-common-4.1.69.Final.jar:/home/gsy/.m2/repository/io/netty/netty-buffer/4.1.69.Final/netty-buffer-4.1.69.Final.jar:/home/gsy/.m2/repository/io/netty/netty-transport/4.1.69.Final/netty-transport-4.1.69.Final.jar:/home/gsy/.m2/repository/io/netty/netty-codec/4.1.69.Final/netty-codec-4.1.69.Final.jar:/home/gsy/.m2/repository/io/netty/netty-handler/4.1.69.Final/netty-handler-4.1.69.Final.jar:/home/gsy/.m2/repository/io/netty/netty-codec-http2/4.1.69.Final/netty-codec-http2-4.1.69.Final.jar:/home/gsy/.m2/repository/io/netty/netty-resolver-dns/4.1.69.Final/netty-resolver-dns-4.1.69.Final.jar:/home/gsy/.m2/repository/io/netty/netty-resolver/4.1.69.Final/netty-resolver-4.1.69.Final.jar:/home/gsy/.m2/repository/io/netty/netty-codec-dns/4.1.69.Final/netty-codec-dns-4.1.69.Final.jar:/home/gsy/.m2/repository/io/netty/netty-resolver-dns-native-macos/4.1.69.Final/netty-resolver-dns-native-macos-4.1.69.Final-osx-x86_64.jar:/home/gsy/.m2/repository/io/netty/netty-transport-native-unix-common/4.1.69.Final/netty-transport-native-unix-common-4.1.69.Final.jar:/home/gsy/.m2/repository/io/netty/netty-transport-native-epoll/4.1.69.Final/netty-transport-native-epoll-4.1.69.Final-linux-x86_64.jar:/home/gsy/.m2/repository/io/projectreactor/netty/reactor-netty-core/1.0.12/reactor-netty-core-1.0.12.jar:/home/gsy/.m2/repository/io/netty/netty-handler-proxy/4.1.69.Final/netty-handler-proxy-4.1.69.Final.jar:/home/gsy/.m2/repository/io/netty/netty-codec-socks/4.1.69.Final/netty-codec-socks-4.1.69.Final.jar:/home/gsy/.m2/repository/org/springframework/spring-webflux/5.3.12/spring-webflux-5.3.12.jar:/home/gsy/.m2/repository/org/springframework/cloud/spring-cloud-starter-netflix-eureka-server/3.0.4/spring-cloud-starter-netflix-eureka-server-3.0.4.jar:/home/gsy/.m2/repository/org/springframework/cloud/spring-cloud-starter/3.0.4/spring-cloud-starter-3.0.4.jar:/home/gsy/.m2/repository/org/springframework/cloud/spring-cloud-context/3.0.4/spring-cloud-context-3.0.4.jar:/home/gsy/.m2/repository/org/springframework/security/spring-security-crypto/5.5.3/spring-security-crypto-5.5.3.jar:/home/gsy/.m2/repository/org/springframework/cloud/spring-cloud-commons/3.0.4/spring-cloud-commons-3.0.4.jar:/home/gsy/.m2/repository/org/springframework/security/spring-security-rsa/1.0.10.RELEASE/spring-security-rsa-1.0.10.RELEASE.jar:/home/gsy/.m2/repository/org/bouncycastle/bcpkix-jdk15on/1.68/bcpkix-jdk15on-1.68.jar:/home/gsy/.m2/repository/org/bouncycastle/bcprov-jdk15on/1.68/bcprov-jdk15on-1.68.jar:/home/gsy/.m2/repository/org/springframework/cloud/spring-cloud-netflix-eureka-server/3.0.4/spring-cloud-netflix-eureka-server-3.0.4.jar:/home/gsy/.m2/repository/org/springframework/boot/spring-boot-starter-actuator/2.5.6/spring-boot-starter-actuator-2.5.6.jar:/home/gsy/.m2/repository/org/springframework/boot/spring-boot-actuator-autoconfigure/2.5.6/spring-boot-actuator-autoconfigure-2.5.6.jar:/home/gsy/.m2/repository/org/springframework/boot/spring-boot-actuator/2.5.6/spring-boot-actuator-2.5.6.jar:/home/gsy/.m2/repository/io/micrometer/micrometer-core/1.7.5/micrometer-core-1.7.5.jar:/home/gsy/.m2/repository/org/hdrhistogram/HdrHistogram/2.1.12/HdrHistogram-2.1.12.jar:/home/gsy/.m2/repository/org/latencyutils/LatencyUtils/2.0.3/LatencyUtils-2.0.3.jar:/home/gsy/.m2/repository/org/springframework/boot/spring-boot-starter-freemarker/2.5.6/spring-boot-starter-freemarker-2.5.6.jar:/home/gsy/.m2/repository/org/freemarker/freemarker/2.3.31/freemarker-2.3.31.jar:/home/gsy/.m2/repository/org/springframework/spring-context-support/5.3.12/spring-context-support-5.3.12.jar:/home/gsy/.m2/repository/org/springframework/cloud/spring-cloud-netflix-eureka-client/3.0.4/spring-cloud-netflix-eureka-client-3.0.4.jar:/home/gsy/.m2/repository/com/netflix/eureka/eureka-client/1.10.16/eureka-client-1.10.16.jar:/home/gsy/.m2/repository/com/netflix/netflix-commons/netflix-eventbus/0.3.0/netflix-eventbus-0.3.0.jar:/home/gsy/.m2/repository/com/netflix/netflix-commons/netflix-infix/0.3.0/netflix-infix-0.3.0.jar:/home/gsy/.m2/repository/commons-jxpath/commons-jxpath/1.3/commons-jxpath-1.3.jar:/home/gsy/.m2/repository/joda-time/joda-time/2.3/joda-time-2.3.jar:/home/gsy/.m2/repository/org/antlr/antlr-runtime/3.4/antlr-runtime-3.4.jar:/home/gsy/.m2/repository/org/antlr/stringtemplate/3.2.1/stringtemplate-3.2.1.jar:/home/gsy/.m2/repository/antlr/antlr/2.7.7/antlr-2.7.7.jar:/home/gsy/.m2/repository/com/google/code/gson/gson/2.8.8/gson-2.8.8.jar:/home/gsy/.m2/repository/org/apache/commons/commons-math/2.2/commons-math-2.2.jar:/home/gsy/.m2/repository/com/thoughtworks/xstream/xstream/1.4.18/xstream-1.4.18.jar:/home/gsy/.m2/repository/io/github/x-stream/mxparser/1.2.2/mxparser-1.2.2.jar:/home/gsy/.m2/repository/xmlpull/xmlpull/1.1.3.1/xmlpull-1.1.3.1.jar:/home/gsy/.m2/repository/javax/ws/rs/jsr311-api/1.1.1/jsr311-api-1.1.1.jar:/home/gsy/.m2/repository/com/netflix/servo/servo-core/0.12.21/servo-core-0.12.21.jar:/home/gsy/.m2/repository/com/google/guava/guava/19.0/guava-19.0.jar:/home/gsy/.m2/repository/com/sun/jersey/jersey-core/1.19.1/jersey-core-1.19.1.jar:/home/gsy/.m2/repository/com/sun/jersey/contribs/jersey-apache-client4/1.19.1/jersey-apache-client4-1.19.1.jar:/home/gsy/.m2/repository/org/apache/httpcomponents/httpclient/4.5.13/httpclient-4.5.13.jar:/home/gsy/.m2/repository/org/apache/httpcomponents/httpcore/4.4.14/httpcore-4.4.14.jar:/home/gsy/.m2/repository/commons-codec/commons-codec/1.15/commons-codec-1.15.jar:/home/gsy/.m2/repository/commons-configuration/commons-configuration/1.10/commons-configuration-1.10.jar:/home/gsy/.m2/repository/commons-lang/commons-lang/2.6/commons-lang-2.6.jar:/home/gsy/.m2/repository/com/google/inject/guice/4.1.0/guice-4.1.0.jar:/home/gsy/.m2/repository/aopalliance/aopalliance/1.0/aopalliance-1.0.jar:/home/gsy/.m2/repository/org/codehaus/jettison/jettison/1.4.0/jettison-1.4.0.jar:/home/gsy/.m2/repository/com/sun/jersey/jersey-servlet/1.19.4/jersey-servlet-1.19.4.jar:/home/gsy/.m2/repository/com/sun/jersey/jersey-server/1.19.4/jersey-server-1.19.4.jar:/home/gsy/.m2/repository/com/sun/jersey/jersey-client/1.19.4/jersey-client-1.19.4.jar:/home/gsy/.m2/repository/com/netflix/eureka/eureka-core/1.10.16/eureka-core-1.10.16.jar:/home/gsy/.m2/repository/com/fasterxml/woodstox/woodstox-core/6.2.1/woodstox-core-6.2.1.jar:/home/gsy/.m2/repository/javax/inject/javax.inject/1/javax.inject-1.jar:/home/gsy/.m2/repository/com/fasterxml/jackson/dataformat/jackson-dataformat-xml/2.12.5/jackson-dataformat-xml-2.12.5.jar:/home/gsy/.m2/repository/com/fasterxml/jackson/module/jackson-module-jaxb-annotations/2.12.5/jackson-module-jaxb-annotations-2.12.5.jar:/home/gsy/.m2/repository/org/codehaus/woodstox/stax2-api/4.2.1/stax2-api-4.2.1.jar:/home/gsy/.m2/repository/org/springframework/cloud/spring-cloud-starter-loadbalancer/3.0.4/spring-cloud-starter-loadbalancer-3.0.4.jar:/home/gsy/.m2/repository/org/springframework/cloud/spring-cloud-loadbalancer/3.0.4/spring-cloud-loadbalancer-3.0.4.jar:/home/gsy/.m2/repository/io/projectreactor/addons/reactor-extra/3.4.5/reactor-extra-3.4.5.jar:/home/gsy/.m2/repository/org/springframework/boot/spring-boot-starter-cache/2.5.6/spring-boot-starter-cache-2.5.6.jar:/home/gsy/.m2/repository/com/stoyanr/evictor/1.0.0/evictor-1.0.0.jar:/home/gsy/.m2/repository/org/glassfish/jaxb/jaxb-runtime/2.3.5/jaxb-runtime-2.3.5.jar:/home/gsy/.m2/repository/org/glassfish/jaxb/txw2/2.3.5/txw2-2.3.5.jar:/home/gsy/.m2/repository/com/sun/istack/istack-commons-runtime/3.0.12/istack-commons-runtime-3.0.12.jar:/home/gsy/.m2/repository/org/springframework/boot/spring-boot-devtools/2.5.6/spring-boot-devtools-2.5.6.jar:/home/gsy/.m2/repository/org/springframework/boot/spring-boot/2.5.6/spring-boot-2.5.6.jar:/home/gsy/.m2/repository/org/springframework/boot/spring-boot-autoconfigure/2.5.6/spring-boot-autoconfigure-2.5.6.jar:/home/gsy/.m2/repository/org/springframework/boot/spring-boot-starter-test/2.5.6/spring-boot-starter-test-2.5.6.jar:/home/gsy/.m2/repository/org/springframework/boot/spring-boot-test/2.5.6/spring-boot-test-2.5.6.jar:/home/gsy/.m2/repository/org/springframework/boot/spring-boot-test-autoconfigure/2.5.6/spring-boot-test-autoconfigure-2.5.6.jar:/home/gsy/.m2/repository/com/jayway/jsonpath/json-path/2.5.0/json-path-2.5.0.jar:/home/gsy/.m2/repository/net/minidev/json-smart/2.4.7/json-smart-2.4.7.jar:/home/gsy/.m2/repository/net/minidev/accessors-smart/2.4.7/accessors-smart-2.4.7.jar:/home/gsy/.m2/repository/org/ow2/asm/asm/9.1/asm-9.1.jar:/home/gsy/.m2/repository/jakarta/xml/bind/jakarta.xml.bind-api/2.3.3/jakarta.xml.bind-api-2.3.3.jar:/home/gsy/.m2/repository/jakarta/activation/jakarta.activation-api/1.2.2/jakarta.activation-api-1.2.2.jar:/home/gsy/.m2/repository/org/assertj/assertj-core/3.19.0/assertj-core-3.19.0.jar:/home/gsy/.m2/repository/org/hamcrest/hamcrest/2.2/hamcrest-2.2.jar:/home/gsy/.m2/repository/org/junit/jupiter/junit-jupiter/5.7.2/junit-jupiter-5.7.2.jar:/home/gsy/.m2/repository/org/junit/jupiter/junit-jupiter-api/5.7.2/junit-jupiter-api-5.7.2.jar:/home/gsy/.m2/repository/org/opentest4j/opentest4j/1.2.0/opentest4j-1.2.0.jar:/home/gsy/.m2/repository/org/junit/platform/junit-platform-commons/1.7.2/junit-platform-commons-1.7.2.jar:/home/gsy/.m2/repository/org/junit/jupiter/junit-jupiter-params/5.7.2/junit-jupiter-params-5.7.2.jar:/home/gsy/.m2/repository/org/junit/jupiter/junit-jupiter-engine/5.7.2/junit-jupiter-engine-5.7.2.jar:/home/gsy/.m2/repository/org/junit/platform/junit-platform-engine/1.7.2/junit-platform-engine-1.7.2.jar:/home/gsy/.m2/repository/org/mockito/mockito-core/3.9.0/mockito-core-3.9.0.jar:/home/gsy/.m2/repository/net/bytebuddy/byte-buddy/1.10.22/byte-buddy-1.10.22.jar:/home/gsy/.m2/repository/net/bytebuddy/byte-buddy-agent/1.10.22/byte-buddy-agent-1.10.22.jar:/home/gsy/.m2/repository/org/objenesis/objenesis/3.2/objenesis-3.2.jar:/home/gsy/.m2/repository/org/mockito/mockito-junit-jupiter/3.9.0/mockito-junit-jupiter-3.9.0.jar:/home/gsy/.m2/repository/org/skyscreamer/jsonassert/1.5.0/jsonassert-1.5.0.jar:/home/gsy/.m2/repository/com/vaadin/external/google/android-json/0.0.20131108.vaadin1/android-json-0.0.20131108.vaadin1.jar:/home/gsy/.m2/repository/org/springframework/spring-core/5.3.12/spring-core-5.3.12.jar:/home/gsy/.m2/repository/org/springframework/spring-jcl/5.3.12/spring-jcl-5.3.12.jar:/home/gsy/.m2/repository/org/springframework/spring-test/5.3.12/spring-test-5.3.12.jar:/home/gsy/.m2/repository/org/xmlunit/xmlunit-core/2.8.3/xmlunit-core-2.8.3.jar:/home/gsy/.m2/repository/io/projectreactor/reactor-test/3.4.11/reactor-test-3.4.11.jar:/home/gsy/.m2/repository/io/projectreactor/reactor-core/3.4.11/reactor-core-3.4.11.jar:/home/gsy/.m2/repository/org/reactivestreams/reactive-streams/1.0.3/reactive-streams-1.0.3.jar:/home/gsy/.m2/repository/io/swagger/swagger-annotations/1.5.0/swagger-annotations-1.5.0.jar:"/>
    <property name="sun.cpu.endian" value="little"/>
    <property name="user.home" value="/home/gsy"/>
    <property name="user.language" value="fr"/>
    <property name="java.specification.vendor" value="Oracle Corporation"/>
    <property name="java.version.date" value="2021-07-20"/>
    <property name="java.home" value="/home/gsy/Bureau/sts-4.12.0.RELEASE/plugins/org.eclipse.justj.openjdk.hotspot.jre.full.linux.x86_64_16.0.2.v20210721-1149/jre"/>
    <property name="file.separator" value="/"/>
    <property name="style.color" value="always"/>
    <property name="basedir" value="/home/gsy/Documents/workspace-spring-tool-suite-4-4.12.0.RELEASE/serverCardRPG"/>
    <property name="java.vm.compressedOopsMode" value="32-bit"/>
    <property name="line.separator" value="&#10;"/>
    <property name="java.vm.specification.vendor" value="Oracle Corporation"/>
    <property name="java.specification.name" value="Java Platform API Specification"/>
    <property name="surefire.real.class.path" value="/home/gsy/Documents/workspace-spring-tool-suite-4-4.12.0.RELEASE/serverCardRPG/target/surefire/surefirebooter4312005700108951643.jar"/>
    <property name="sun.management.compiler" value="HotSpot 64-Bit Tiered Compilers"/>
    <property name="java.runtime.version" value="16.0.2+7-67"/>
    <property name="user.name" value="gsy"/>
    <property name="path.separator" value=":"/>
    <property name="os.version" value="5.13.0-20-generic"/>
    <property name="java.runtime.name" value="OpenJDK Runtime Environment"/>
    <property name="file.encoding" value="UTF-8"/>
    <property name="java.vm.name" value="OpenJDK 64-Bit Server VM"/>
    <property name="localRepository" value="/home/gsy/.m2/repository"/>
    <property name="java.vendor.url.bug" value="https://bugreport.java.com/bugreport/"/>
    <property name="java.io.tmpdir" value="/tmp"/>
    <property name="java.version" value="16.0.2"/>
    <property name="user.dir" value="/home/gsy/Documents/workspace-spring-tool-suite-4-4.12.0.RELEASE/serverCardRPG"/>
    <property name="os.arch" value="amd64"/>
    <property name="java.vm.specification.name" value="Java Virtual Machine Specification"/>
    <property name="java.library.path" value="/usr/java/packages/lib:/usr/lib64:/lib64:/lib:/usr/lib"/>
    <property name="java.vm.info" value="mixed mode"/>
    <property name="java.vendor" value="Oracle Corporation"/>
    <property name="java.vm.version" value="16.0.2+7-67"/>
    <property name="sun.io.unicode.encoding" value="UnicodeLittle"/>
    <property name="java.class.version" value="60.0"/>
  </properties>
  <testcase name="cardRPG.ServerCardRpgApplicationTests" classname="cardRPG.ServerCardRpgApplicationTests" time="0.293">
    <error message="Unable to find a @SpringBootConfiguration, you need to use @ContextConfiguration or @SpringBootTest(classes=...) with your test" type="java.lang.IllegalStateException">java.lang.IllegalStateException: Unable to find a @SpringBootConfiguration, you need to use @ContextConfiguration or @SpringBootTest(classes=...) with your test
</error>
    <system-out><![CDATA[10:00:11.321 [main] DEBUG org.springframework.test.context.BootstrapUtils - Instantiating CacheAwareContextLoaderDelegate from class [org.springframework.test.context.cache.DefaultCacheAwareContextLoaderDelegate]
10:00:11.336 [main] DEBUG org.springframework.test.context.BootstrapUtils - Instantiating BootstrapContext using constructor [public org.springframework.test.context.support.DefaultBootstrapContext(java.lang.Class,org.springframework.test.context.CacheAwareContextLoaderDelegate)]
10:00:11.377 [main] DEBUG org.springframework.test.context.BootstrapUtils - Instantiating TestContextBootstrapper for test class [cardRPG.ServerCardRpgApplicationTests] from class [org.springframework.boot.test.context.SpringBootTestContextBootstrapper]
10:00:11.390 [main] INFO org.springframework.boot.test.context.SpringBootTestContextBootstrapper - Neither @ContextConfiguration nor @ContextHierarchy found for test class [cardRPG.ServerCardRpgApplicationTests], using SpringBootContextLoader
10:00:11.394 [main] DEBUG org.springframework.test.context.support.AbstractContextLoader - Did not detect default resource location for test class [cardRPG.ServerCardRpgApplicationTests]: class path resource [cardRPG/ServerCardRpgApplicationTests-context.xml] does not exist
10:00:11.395 [main] DEBUG org.springframework.test.context.support.AbstractContextLoader - Did not detect default resource location for test class [cardRPG.ServerCardRpgApplicationTests]: class path resource [cardRPG/ServerCardRpgApplicationTestsContext.groovy] does not exist
10:00:11.395 [main] INFO org.springframework.test.context.support.AbstractContextLoader - Could not detect default resource locations for test class [cardRPG.ServerCardRpgApplicationTests]: no resource found for suffixes {-context.xml, Context.groovy}.
10:00:11.396 [main] INFO org.springframework.test.context.support.AnnotationConfigContextLoaderUtils - Could not detect default configuration classes for test class [cardRPG.ServerCardRpgApplicationTests]: ServerCardRpgApplicationTests does not declare any static, non-private, non-final, nested classes annotated with @Configuration.
10:00:11.442 [main] DEBUG org.springframework.test.context.support.ActiveProfilesUtils - Could not find an 'annotation declaring class' for annotation type [org.springframework.test.context.ActiveProfiles] and class [cardRPG.ServerCardRpgApplicationTests]
]]></system-out>
  </testcase>
</testsuite>